# JRE version: OpenJDK Runtime Environment JBR-21.0.3+13-453.2-jcef (21.0.3+13) (build 21.0.3+13-b453.2)
# Java VM: OpenJDK 64-Bit Server VM JBR-21.0.3+13-453.2-jcef (21.0.3+13-b453.2, mixed mode, emulated-client, sharing, tiered, compressed oops, compressed class ptrs, g1 gc, linux-amd64)
GC Precious Log:
 CardTable entry size: 512
 Card Set container configuration: InlinePtr #cards 4 size 8 Array Of Cards #cards 16 size 48 Howl #buckets 8 coarsen threshold 3686 Howl Bitmap #cards 512 size 80 coarsen threshold 460 Card regions per heap region 1 cards per card region 4096
 CPUs: 16 total, 16 available
 Memory: 13824M
 Large Page Support: Disabled
 NUMA Support: Disabled
 Compressed Oops: Enabled (Zero based)
 Heap Region Size: 2M
 Heap Min Capacity: 8M
 Heap Initial Capacity: 218M
 Heap Max Capacity: 3458M
 Pre-touch: Disabled
 Parallel Workers: 13
 Concurrent Workers: 3
 Concurrent Refinement Workers: 13
 Periodic GC: Disabled
Heap:
 garbage-first heap   total 245760K, used 67886K [0x0000000727e00000, 0x0000000800000000)
  region size 2048K, 19 young (38912K), 4 survivors (8192K)
 Metaspace       used 92757K, committed 93568K, reserved 1179648K
  class space    used 13121K, committed 13504K, reserved 1048576K
GC Heap History (20 events):
Event: 30,845 GC heap before
{Heap before GC invocations=29 (full 2):
 garbage-first heap   total 139264K, used 108254K [0x0000000727e00000, 0x0000000800000000)
  region size 2048K, 40 young (81920K), 2 survivors (4096K)
 Metaspace       used 63757K, committed 64448K, reserved 1114112K
  class space    used 8674K, committed 8960K, reserved 1048576K
}
Event: 30,847 GC heap after
{Heap after GC invocations=30 (full 2):
 garbage-first heap   total 139264K, used 31315K [0x0000000727e00000, 0x0000000800000000)
  region size 2048K, 2 young (4096K), 2 survivors (4096K)
 Metaspace       used 63757K, committed 64448K, reserved 1114112K
  class space    used 8674K, committed 8960K, reserved 1048576K
}
Event: 31,088 GC heap before
{Heap before GC invocations=30 (full 2):
 garbage-first heap   total 139264K, used 109139K [0x0000000727e00000, 0x0000000800000000)
  region size 2048K, 40 young (81920K), 2 survivors (4096K)
 Metaspace       used 66922K, committed 67584K, reserved 1114112K
  class space    used 9117K, committed 9408K, reserved 1048576K
}
Event: 31,090 GC heap after
{Heap after GC invocations=31 (full 2):
 garbage-first heap   total 139264K, used 33434K [0x0000000727e00000, 0x0000000800000000)
  region size 2048K, 3 young (6144K), 3 survivors (6144K)
 Metaspace       used 66922K, committed 67584K, reserved 1114112K
  class space    used 9117K, committed 9408K, reserved 1048576K
}
Event: 31,328 GC heap before
{Heap before GC invocations=31 (full 2):
 garbage-first heap   total 139264K, used 109210K [0x0000000727e00000, 0x0000000800000000)
  region size 2048K, 40 young (81920K), 3 survivors (6144K)
 Metaspace       used 71818K, committed 72448K, reserved 1114112K
  class space    used 9835K, committed 10112K, reserved 1048576K
}
Event: 31,330 GC heap after
{Heap after GC invocations=32 (full 2):
 garbage-first heap   total 139264K, used 34215K [0x0000000727e00000, 0x0000000800000000)
  region size 2048K, 3 young (6144K), 3 survivors (6144K)
 Metaspace       used 71818K, committed 72448K, reserved 1114112K
  class space    used 9835K, committed 10112K, reserved 1048576K
}
Event: 31,631 GC heap before
{Heap before GC invocations=32 (full 2):
 garbage-first heap   total 139264K, used 109991K [0x0000000727e00000, 0x0000000800000000)
  region size 2048K, 40 young (81920K), 3 survivors (6144K)
 Metaspace       used 76441K, committed 77184K, reserved 1179648K
  class space    used 10569K, committed 10880K, reserved 1048576K
}
Event: 31,633 GC heap after
{Heap after GC invocations=33 (full 2):
 garbage-first heap   total 139264K, used 34267K [0x0000000727e00000, 0x0000000800000000)
  region size 2048K, 3 young (6144K), 3 survivors (6144K)
 Metaspace       used 76441K, committed 77184K, reserved 1179648K
  class space    used 10569K, committed 10880K, reserved 1048576K
}
Event: 31,679 GC heap before
{Heap before GC invocations=33 (full 2):
 garbage-first heap   total 139264K, used 46555K [0x0000000727e00000, 0x0000000800000000)
  region size 2048K, 10 young (20480K), 3 survivors (6144K)
 Metaspace       used 77396K, committed 78080K, reserved 1179648K
  class space    used 10707K, committed 11008K, reserved 1048576K
}
Event: 31,701 GC heap after
{Heap after GC invocations=34 (full 3):
 garbage-first heap   total 122880K, used 30692K [0x0000000727e00000, 0x0000000800000000)
  region size 2048K, 0 young (0K), 0 survivors (0K)
 Metaspace       used 77396K, committed 78080K, reserved 1179648K
  class space    used 10707K, committed 11008K, reserved 1048576K
}
Event: 32,305 GC heap before
{Heap before GC invocations=34 (full 3):
 garbage-first heap   total 122880K, used 104420K [0x0000000727e00000, 0x0000000800000000)
  region size 2048K, 36 young (73728K), 0 survivors (0K)
 Metaspace       used 80641K, committed 81472K, reserved 1179648K
  class space    used 11242K, committed 11648K, reserved 1048576K
}
Event: 32,306 GC heap after
{Heap after GC invocations=35 (full 3):
 garbage-first heap   total 122880K, used 33348K [0x0000000727e00000, 0x0000000800000000)
  region size 2048K, 2 young (4096K), 2 survivors (4096K)
 Metaspace       used 80641K, committed 81472K, reserved 1179648K
  class space    used 11242K, committed 11648K, reserved 1048576K
}
Event: 32,553 GC heap before
{Heap before GC invocations=35 (full 3):
 garbage-first heap   total 122880K, used 102980K [0x0000000727e00000, 0x0000000800000000)
  region size 2048K, 36 young (73728K), 2 survivors (4096K)
 Metaspace       used 83823K, committed 84608K, reserved 1179648K
  class space    used 11643K, committed 12032K, reserved 1048576K
}
Event: 32,555 GC heap after
{Heap after GC invocations=36 (full 3):
 garbage-first heap   total 122880K, used 35030K [0x0000000727e00000, 0x0000000800000000)
  region size 2048K, 3 young (6144K), 3 survivors (6144K)
 Metaspace       used 83823K, committed 84608K, reserved 1179648K
  class space    used 11643K, committed 12032K, reserved 1048576K
}
Event: 32,787 GC heap before
{Heap before GC invocations=36 (full 3):
 garbage-first heap   total 122880K, used 102614K [0x0000000727e00000, 0x0000000800000000)
  region size 2048K, 36 young (73728K), 3 survivors (6144K)
 Metaspace       used 85593K, committed 86464K, reserved 1179648K
  class space    used 11909K, committed 12288K, reserved 1048576K
}
Event: 32,789 GC heap after
{Heap after GC invocations=37 (full 3):
 garbage-first heap   total 122880K, used 35978K [0x0000000727e00000, 0x0000000800000000)
  region size 2048K, 3 young (6144K), 3 survivors (6144K)
 Metaspace       used 85593K, committed 86464K, reserved 1179648K
  class space    used 11909K, committed 12288K, reserved 1048576K
}
Event: 33,009 GC heap before
{Heap before GC invocations=37 (full 3):
 garbage-first heap   total 122880K, used 103562K [0x0000000727e00000, 0x0000000800000000)
  region size 2048K, 36 young (73728K), 3 survivors (6144K)
 Metaspace       used 88914K, committed 89728K, reserved 1179648K
  class space    used 12587K, committed 12928K, reserved 1048576K
}
Event: 33,012 GC heap after
{Heap after GC invocations=38 (full 3):
 garbage-first heap   total 122880K, used 38567K [0x0000000727e00000, 0x0000000800000000)
  region size 2048K, 4 young (8192K), 4 survivors (8192K)
 Metaspace       used 88914K, committed 89728K, reserved 1179648K
  class space    used 12587K, committed 12928K, reserved 1048576K
}
Event: 33,220 GC heap before
{Heap before GC invocations=38 (full 3):
 garbage-first heap   total 122880K, used 102055K [0x0000000727e00000, 0x0000000800000000)
  region size 2048K, 35 young (71680K), 4 survivors (8192K)
 Metaspace       used 91371K, committed 92224K, reserved 1179648K
  class space    used 12913K, committed 13312K, reserved 1048576K
}
Event: 33,223 GC heap after
{Heap after GC invocations=39 (full 3):
 garbage-first heap   total 245760K, used 39214K [0x0000000727e00000, 0x0000000800000000)
  region size 2048K, 4 young (8192K), 4 survivors (8192K)
 Metaspace       used 91371K, committed 92224K, reserved 1179648K
  class space    used 12913K, committed 13312K, reserved 1048576K
}

