# JRE version: OpenJDK Runtime Environment JBR-21.0.3+13-453.2-jcef (21.0.3+13) (build 21.0.3+13-b453.2)
# Java VM: OpenJDK 64-Bit Server VM JBR-21.0.3+13-453.2-jcef (21.0.3+13-b453.2, mixed mode, emulated-client, sharing, tiered, compressed oops, compressed class ptrs, g1 gc, linux-amd64)
GC Precious Log:
 CardTable entry size: 512
 Card Set container configuration: InlinePtr #cards 4 size 8 Array Of Cards #cards 16 size 48 Howl #buckets 8 coarsen threshold 3686 Howl Bitmap #cards 512 size 80 coarsen threshold 460 Card regions per heap region 1 cards per card region 4096
 CPUs: 16 total, 16 available
 Memory: 13816M
 Large Page Support: Disabled
 NUMA Support: Disabled
 Compressed Oops: Enabled (Zero based)
 Heap Region Size: 2M
 Heap Min Capacity: 8M
 Heap Initial Capacity: 216M
 Heap Max Capacity: 3456M
 Pre-touch: Disabled
 Parallel Workers: 13
 Concurrent Workers: 3
 Concurrent Refinement Workers: 13
 Periodic GC: Disabled
Heap:
 garbage-first heap   total 131072K, used 33303K [0x0000000728000000, 0x0000000800000000)
  region size 2048K, 2 young (4096K), 1 survivors (2048K)
 Metaspace       used 94825K, committed 95872K, reserved 1179648K
  class space    used 13153K, committed 13632K, reserved 1048576K
GC Heap History (20 events):
Event: 536,715 GC heap before
{Heap before GC invocations=38 (full 3):
 garbage-first heap   total 157696K, used 121172K [0x0000000728000000, 0x0000000800000000)
  region size 2048K, 46 young (94208K), 4 survivors (8192K)
 Metaspace       used 91410K, committed 92352K, reserved 1179648K
  class space    used 12614K, committed 13056K, reserved 1048576K
}
Event: 536,719 GC heap after
{Heap after GC invocations=39 (full 3):
 garbage-first heap   total 157696K, used 37561K [0x0000000728000000, 0x0000000800000000)
  region size 2048K, 4 young (8192K), 4 survivors (8192K)
 Metaspace       used 91410K, committed 92352K, reserved 1179648K
  class space    used 12614K, committed 13056K, reserved 1048576K
}
Event: 857,039 GC heap before
{Heap before GC invocations=39 (full 3):
 garbage-first heap   total 157696K, used 68281K [0x0000000728000000, 0x0000000800000000)
  region size 2048K, 20 young (40960K), 4 survivors (8192K)
 Metaspace       used 91642K, committed 92608K, reserved 1179648K
  class space    used 12657K, committed 13120K, reserved 1048576K
}
Event: 857,043 GC heap after
{Heap after GC invocations=40 (full 3):
 garbage-first heap   total 157696K, used 37244K [0x0000000728000000, 0x0000000800000000)
  region size 2048K, 3 young (6144K), 3 survivors (6144K)
 Metaspace       used 91642K, committed 92608K, reserved 1179648K
  class space    used 12657K, committed 13120K, reserved 1048576K
}
Event: 1805,173 GC heap before
{Heap before GC invocations=41 (full 3):
 garbage-first heap   total 157696K, used 123260K [0x0000000728000000, 0x0000000800000000)
  region size 2048K, 46 young (94208K), 3 survivors (6144K)
 Metaspace       used 91793K, committed 92736K, reserved 1179648K
  class space    used 12690K, committed 13120K, reserved 1048576K
}
Event: 1805,177 GC heap after
{Heap after GC invocations=42 (full 3):
 garbage-first heap   total 157696K, used 38078K [0x0000000728000000, 0x0000000800000000)
  region size 2048K, 4 young (8192K), 4 survivors (8192K)
 Metaspace       used 91793K, committed 92736K, reserved 1179648K
  class space    used 12690K, committed 13120K, reserved 1048576K
}
Event: 2033,863 GC heap before
{Heap before GC invocations=42 (full 3):
 garbage-first heap   total 157696K, used 97470K [0x0000000728000000, 0x0000000800000000)
  region size 2048K, 35 young (71680K), 4 survivors (8192K)
 Metaspace       used 94653K, committed 95616K, reserved 1179648K
  class space    used 13106K, committed 13568K, reserved 1048576K
}
Event: 2033,868 GC heap after
{Heap after GC invocations=43 (full 3):
 garbage-first heap   total 157696K, used 38849K [0x0000000728000000, 0x0000000800000000)
  region size 2048K, 4 young (8192K), 4 survivors (8192K)
 Metaspace       used 94653K, committed 95616K, reserved 1179648K
  class space    used 13106K, committed 13568K, reserved 1048576K
}
Event: 2989,050 GC heap before
{Heap before GC invocations=44 (full 3):
 garbage-first heap   total 157696K, used 124865K [0x0000000728000000, 0x0000000800000000)
  region size 2048K, 46 young (94208K), 4 survivors (8192K)
 Metaspace       used 94674K, committed 95680K, reserved 1179648K
  class space    used 13112K, committed 13568K, reserved 1048576K
}
Event: 2989,054 GC heap after
{Heap after GC invocations=45 (full 3):
 garbage-first heap   total 157696K, used 39142K [0x0000000728000000, 0x0000000800000000)
  region size 2048K, 4 young (8192K), 4 survivors (8192K)
 Metaspace       used 94674K, committed 95680K, reserved 1179648K
  class space    used 13112K, committed 13568K, reserved 1048576K
}
Event: 3609,656 GC heap before
{Heap before GC invocations=45 (full 3):
 garbage-first heap   total 157696K, used 104678K [0x0000000728000000, 0x0000000800000000)
  region size 2048K, 38 young (77824K), 4 survivors (8192K)
 Metaspace       used 94722K, committed 95680K, reserved 1179648K
  class space    used 13125K, committed 13568K, reserved 1048576K
}
Event: 3609,660 GC heap after
{Heap after GC invocations=46 (full 3):
 garbage-first heap   total 157696K, used 38823K [0x0000000728000000, 0x0000000800000000)
  region size 2048K, 4 young (8192K), 4 survivors (8192K)
 Metaspace       used 94722K, committed 95680K, reserved 1179648K
  class space    used 13125K, committed 13568K, reserved 1048576K
}
Event: 4455,652 GC heap before
{Heap before GC invocations=47 (full 3):
 garbage-first heap   total 157696K, used 120743K [0x0000000728000000, 0x0000000800000000)
  region size 2048K, 45 young (92160K), 4 survivors (8192K)
 Metaspace       used 94726K, committed 95680K, reserved 1179648K
  class space    used 13126K, committed 13568K, reserved 1048576K
}
Event: 4455,657 GC heap after
{Heap after GC invocations=48 (full 3):
 garbage-first heap   total 157696K, used 38923K [0x0000000728000000, 0x0000000800000000)
  region size 2048K, 4 young (8192K), 4 survivors (8192K)
 Metaspace       used 94726K, committed 95680K, reserved 1179648K
  class space    used 13126K, committed 13568K, reserved 1048576K
}
Event: 5222,762 GC heap before
{Heap before GC invocations=49 (full 3):
 garbage-first heap   total 157696K, used 124939K [0x0000000728000000, 0x0000000800000000)
  region size 2048K, 46 young (94208K), 4 survivors (8192K)
 Metaspace       used 94764K, committed 95808K, reserved 1179648K
  class space    used 13136K, committed 13632K, reserved 1048576K
}
Event: 5222,767 GC heap after
{Heap after GC invocations=50 (full 3):
 garbage-first heap   total 157696K, used 38778K [0x0000000728000000, 0x0000000800000000)
  region size 2048K, 4 young (8192K), 4 survivors (8192K)
 Metaspace       used 94764K, committed 95808K, reserved 1179648K
  class space    used 13136K, committed 13632K, reserved 1048576K
}
Event: 5742,026 GC heap before
{Heap before GC invocations=50 (full 3):
 garbage-first heap   total 157696K, used 94074K [0x0000000728000000, 0x0000000800000000)
  region size 2048K, 32 young (65536K), 4 survivors (8192K)
 Metaspace       used 94809K, committed 95808K, reserved 1179648K
  class space    used 13148K, committed 13632K, reserved 1048576K
}
Event: 5742,085 GC heap after
{Heap after GC invocations=51 (full 4):
 garbage-first heap   total 131072K, used 32594K [0x0000000728000000, 0x0000000800000000)
  region size 2048K, 0 young (0K), 0 survivors (0K)
 Metaspace       used 94809K, committed 95808K, reserved 1179648K
  class space    used 13148K, committed 13632K, reserved 1048576K
}
Event: 5742,088 GC heap before
{Heap before GC invocations=51 (full 4):
 garbage-first heap   total 131072K, used 32594K [0x0000000728000000, 0x0000000800000000)
  region size 2048K, 1 young (2048K), 0 survivors (0K)
 Metaspace       used 94809K, committed 95808K, reserved 1179648K
  class space    used 13148K, committed 13632K, reserved 1048576K
}
Event: 5742,091 GC heap after
{Heap after GC invocations=52 (full 4):
 garbage-first heap   total 131072K, used 33303K [0x0000000728000000, 0x0000000800000000)
  region size 2048K, 1 young (2048K), 1 survivors (2048K)
 Metaspace       used 94809K, committed 95808K, reserved 1179648K
  class space    used 13148K, committed 13632K, reserved 1048576K
}

