# JRE version: OpenJDK Runtime Environment JBR-21.0.3+13-453.2-jcef (21.0.3+13) (build 21.0.3+13-b453.2)
# Java VM: OpenJDK 64-Bit Server VM JBR-21.0.3+13-453.2-jcef (21.0.3+13-b453.2, mixed mode, emulated-client, sharing, tiered, compressed oops, compressed class ptrs, g1 gc, linux-amd64)
GC Precious Log:
 CardTable entry size: 512
 Card Set container configuration: InlinePtr #cards 4 size 8 Array Of Cards #cards 16 size 48 Howl #buckets 8 coarsen threshold 3686 Howl Bitmap #cards 512 size 80 coarsen threshold 460 Card regions per heap region 1 cards per card region 4096
 CPUs: 16 total, 16 available
 Memory: 13824M
 Large Page Support: Disabled
 NUMA Support: Disabled
 Compressed Oops: Enabled (Zero based)
 Heap Region Size: 2M
 Heap Min Capacity: 8M
 Heap Initial Capacity: 218M
 Heap Max Capacity: 3458M
 Pre-touch: Disabled
 Parallel Workers: 13
 Concurrent Workers: 3
 Concurrent Refinement Workers: 13
 Periodic GC: Disabled
Heap:
 garbage-first heap   total 178176K, used 129277K [0x0000000727e00000, 0x0000000800000000)
  region size 2048K, 49 young (100352K), 6 survivors (12288K)
 Metaspace       used 104239K, committed 105152K, reserved 1179648K
  class space    used 14736K, committed 15168K, reserved 1048576K
GC Heap History (20 events):
Event: 4,468 GC heap before
{Heap before GC invocations=30 (full 3):
 garbage-first heap   total 110592K, used 93882K [0x0000000727e00000, 0x0000000800000000)
  region size 2048K, 32 young (65536K), 0 survivors (0K)
 Metaspace       used 68322K, committed 68992K, reserved 1114112K
  class space    used 9311K, committed 9600K, reserved 1048576K
}
Event: 4,469 GC heap after
{Heap after GC invocations=31 (full 3):
 garbage-first heap   total 110592K, used 29957K [0x0000000727e00000, 0x0000000800000000)
  region size 2048K, 1 young (2048K), 1 survivors (2048K)
 Metaspace       used 68322K, committed 68992K, reserved 1114112K
  class space    used 9311K, committed 9600K, reserved 1048576K
}
Event: 4,653 GC heap before
{Heap before GC invocations=31 (full 3):
 garbage-first heap   total 110592K, used 91397K [0x0000000727e00000, 0x0000000800000000)
  region size 2048K, 32 young (65536K), 1 survivors (2048K)
 Metaspace       used 73579K, committed 74304K, reserved 1114112K
  class space    used 10060K, committed 10368K, reserved 1048576K
}
Event: 4,655 GC heap after
{Heap after GC invocations=32 (full 3):
 garbage-first heap   total 110592K, used 30082K [0x0000000727e00000, 0x0000000800000000)
  region size 2048K, 1 young (2048K), 1 survivors (2048K)
 Metaspace       used 73579K, committed 74304K, reserved 1114112K
  class space    used 10060K, committed 10368K, reserved 1048576K
}
Event: 4,868 GC heap before
{Heap before GC invocations=32 (full 3):
 garbage-first heap   total 110592K, used 93570K [0x0000000727e00000, 0x0000000800000000)
  region size 2048K, 32 young (65536K), 1 survivors (2048K)
 Metaspace       used 76922K, committed 77568K, reserved 1179648K
  class space    used 10656K, committed 10944K, reserved 1048576K
}
Event: 4,869 GC heap after
{Heap after GC invocations=33 (full 3):
 garbage-first heap   total 110592K, used 30853K [0x0000000727e00000, 0x0000000800000000)
  region size 2048K, 2 young (4096K), 2 survivors (4096K)
 Metaspace       used 76922K, committed 77568K, reserved 1179648K
  class space    used 10656K, committed 10944K, reserved 1048576K
}
Event: 5,125 GC heap before
{Heap before GC invocations=33 (full 3):
 garbage-first heap   total 110592K, used 92293K [0x0000000727e00000, 0x0000000800000000)
  region size 2048K, 32 young (65536K), 2 survivors (4096K)
 Metaspace       used 80985K, committed 81728K, reserved 1179648K
  class space    used 11250K, committed 11584K, reserved 1048576K
}
Event: 5,127 GC heap after
{Heap after GC invocations=34 (full 3):
 garbage-first heap   total 110592K, used 32053K [0x0000000727e00000, 0x0000000800000000)
  region size 2048K, 2 young (4096K), 2 survivors (4096K)
 Metaspace       used 80985K, committed 81728K, reserved 1179648K
  class space    used 11250K, committed 11584K, reserved 1048576K
}
Event: 5,305 GC heap before
{Heap before GC invocations=34 (full 3):
 garbage-first heap   total 110592K, used 93493K [0x0000000727e00000, 0x0000000800000000)
  region size 2048K, 32 young (65536K), 2 survivors (4096K)
 Metaspace       used 82290K, committed 83136K, reserved 1179648K
  class space    used 11391K, committed 11776K, reserved 1048576K
}
Event: 5,308 GC heap after
{Heap after GC invocations=35 (full 3):
 garbage-first heap   total 110592K, used 33932K [0x0000000727e00000, 0x0000000800000000)
  region size 2048K, 3 young (6144K), 3 survivors (6144K)
 Metaspace       used 82290K, committed 83136K, reserved 1179648K
  class space    used 11391K, committed 11776K, reserved 1048576K
}
Event: 5,518 GC heap before
{Heap before GC invocations=35 (full 3):
 garbage-first heap   total 110592K, used 91276K [0x0000000727e00000, 0x0000000800000000)
  region size 2048K, 31 young (63488K), 3 survivors (6144K)
 Metaspace       used 85498K, committed 86272K, reserved 1179648K
  class space    used 11851K, committed 12224K, reserved 1048576K
}
Event: 5,521 GC heap after
{Heap after GC invocations=36 (full 3):
 garbage-first heap   total 110592K, used 35498K [0x0000000727e00000, 0x0000000800000000)
  region size 2048K, 3 young (6144K), 3 survivors (6144K)
 Metaspace       used 85498K, committed 86272K, reserved 1179648K
  class space    used 11851K, committed 12224K, reserved 1048576K
}
Event: 5,674 GC heap before
{Heap before GC invocations=36 (full 3):
 garbage-first heap   total 110592K, used 90794K [0x0000000727e00000, 0x0000000800000000)
  region size 2048K, 30 young (61440K), 3 survivors (6144K)
 Metaspace       used 87111K, committed 87872K, reserved 1179648K
  class space    used 12077K, committed 12416K, reserved 1048576K
}
Event: 5,676 GC heap after
{Heap after GC invocations=37 (full 3):
 garbage-first heap   total 276480K, used 36804K [0x0000000727e00000, 0x0000000800000000)
  region size 2048K, 3 young (6144K), 3 survivors (6144K)
 Metaspace       used 87111K, committed 87872K, reserved 1179648K
  class space    used 12077K, committed 12416K, reserved 1048576K
}
Event: 6,267 GC heap before
{Heap before GC invocations=37 (full 3):
 garbage-first heap   total 276480K, used 196548K [0x0000000727e00000, 0x0000000800000000)
  region size 2048K, 81 young (165888K), 3 survivors (6144K)
 Metaspace       used 93519K, committed 94336K, reserved 1179648K
  class space    used 13183K, committed 13568K, reserved 1048576K
}
Event: 6,271 GC heap after
{Heap after GC invocations=38 (full 3):
 garbage-first heap   total 276480K, used 40704K [0x0000000727e00000, 0x0000000800000000)
  region size 2048K, 5 young (10240K), 5 survivors (10240K)
 Metaspace       used 93519K, committed 94336K, reserved 1179648K
  class space    used 13183K, committed 13568K, reserved 1048576K
}
Event: 6,689 GC heap before
{Heap before GC invocations=38 (full 3):
 garbage-first heap   total 276480K, used 194304K [0x0000000727e00000, 0x0000000800000000)
  region size 2048K, 81 young (165888K), 5 survivors (10240K)
 Metaspace       used 98652K, committed 99520K, reserved 1179648K
  class space    used 13964K, committed 14336K, reserved 1048576K
}
Event: 6,694 GC heap after
{Heap after GC invocations=39 (full 3):
 garbage-first heap   total 276480K, used 45264K [0x0000000727e00000, 0x0000000800000000)
  region size 2048K, 7 young (14336K), 7 survivors (14336K)
 Metaspace       used 98652K, committed 99520K, reserved 1179648K
  class space    used 13964K, committed 14336K, reserved 1048576K
}
Event: 7,176 GC heap before
{Heap before GC invocations=39 (full 3):
 garbage-first heap   total 276480K, used 57552K [0x0000000727e00000, 0x0000000800000000)
  region size 2048K, 14 young (28672K), 7 survivors (14336K)
 Metaspace       used 99460K, committed 100288K, reserved 1179648K
  class space    used 14090K, committed 14464K, reserved 1048576K
}
Event: 7,182 GC heap after
{Heap after GC invocations=40 (full 3):
 garbage-first heap   total 276480K, used 45309K [0x0000000727e00000, 0x0000000800000000)
  region size 2048K, 6 young (12288K), 6 survivors (12288K)
 Metaspace       used 99460K, committed 100288K, reserved 1179648K
  class space    used 14090K, committed 14464K, reserved 1048576K
}

