# JRE version: OpenJDK Runtime Environment JBR-21.0.3+13-453.2-jcef (21.0.3+13) (build 21.0.3+13-b453.2)
# Java VM: OpenJDK 64-Bit Server VM JBR-21.0.3+13-453.2-jcef (21.0.3+13-b453.2, mixed mode, emulated-client, sharing, tiered, compressed oops, compressed class ptrs, g1 gc, linux-amd64)
GC Precious Log:
 CardTable entry size: 512
 Card Set container configuration: InlinePtr #cards 4 size 8 Array Of Cards #cards 16 size 48 Howl #buckets 8 coarsen threshold 3686 Howl Bitmap #cards 512 size 80 coarsen threshold 460 Card regions per heap region 1 cards per card region 4096
 CPUs: 16 total, 16 available
 Memory: 13816M
 Large Page Support: Disabled
 NUMA Support: Disabled
 Compressed Oops: Enabled (Zero based)
 Heap Region Size: 2M
 Heap Min Capacity: 8M
 Heap Initial Capacity: 216M
 Heap Max Capacity: 3456M
 Pre-touch: Disabled
 Parallel Workers: 13
 Concurrent Workers: 3
 Concurrent Refinement Workers: 13
 Periodic GC: Disabled
Heap:
 garbage-first heap   total 151552K, used 60253K [0x0000000728000000, 0x0000000800000000)
  region size 2048K, 12 young (24576K), 3 survivors (6144K)
 Metaspace       used 100580K, committed 101504K, reserved 1179648K
  class space    used 14190K, committed 14592K, reserved 1048576K
GC Heap History (20 events):
Event: 4,072 GC heap before
{Heap before GC invocations=24 (full 3):
 garbage-first heap   total 116736K, used 98949K [0x0000000728000000, 0x0000000800000000)
  region size 2048K, 34 young (69632K), 0 survivors (0K)
 Metaspace       used 79957K, committed 80704K, reserved 1179648K
  class space    used 11129K, committed 11456K, reserved 1048576K
}
Event: 4,073 GC heap after
{Heap after GC invocations=25 (full 3):
 garbage-first heap   total 116736K, used 31313K [0x0000000728000000, 0x0000000800000000)
  region size 2048K, 1 young (2048K), 1 survivors (2048K)
 Metaspace       used 79957K, committed 80704K, reserved 1179648K
  class space    used 11129K, committed 11456K, reserved 1048576K
}
Event: 4,307 GC heap before
{Heap before GC invocations=25 (full 3):
 garbage-first heap   total 116736K, used 98897K [0x0000000728000000, 0x0000000800000000)
  region size 2048K, 34 young (69632K), 1 survivors (2048K)
 Metaspace       used 83912K, committed 84736K, reserved 1179648K
  class space    used 11640K, committed 12032K, reserved 1048576K
}
Event: 4,309 GC heap after
{Heap after GC invocations=26 (full 3):
 garbage-first heap   total 116736K, used 33629K [0x0000000728000000, 0x0000000800000000)
  region size 2048K, 3 young (6144K), 3 survivors (6144K)
 Metaspace       used 83912K, committed 84736K, reserved 1179648K
  class space    used 11640K, committed 12032K, reserved 1048576K
}
Event: 4,510 GC heap before
{Heap before GC invocations=26 (full 3):
 garbage-first heap   total 116736K, used 95069K [0x0000000728000000, 0x0000000800000000)
  region size 2048K, 33 young (67584K), 3 survivors (6144K)
 Metaspace       used 85603K, committed 86400K, reserved 1179648K
  class space    used 11889K, committed 12288K, reserved 1048576K
}
Event: 4,512 GC heap after
{Heap after GC invocations=27 (full 3):
 garbage-first heap   total 116736K, used 34926K [0x0000000728000000, 0x0000000800000000)
  region size 2048K, 3 young (6144K), 3 survivors (6144K)
 Metaspace       used 85603K, committed 86400K, reserved 1179648K
  class space    used 11889K, committed 12288K, reserved 1048576K
}
Event: 4,757 GC heap before
{Heap before GC invocations=27 (full 3):
 garbage-first heap   total 116736K, used 96366K [0x0000000728000000, 0x0000000800000000)
  region size 2048K, 33 young (67584K), 3 survivors (6144K)
 Metaspace       used 87615K, committed 88384K, reserved 1179648K
  class space    used 12201K, committed 12544K, reserved 1048576K
}
Event: 4,760 GC heap after
{Heap after GC invocations=28 (full 3):
 garbage-first heap   total 116736K, used 37077K [0x0000000728000000, 0x0000000800000000)
  region size 2048K, 4 young (8192K), 4 survivors (8192K)
 Metaspace       used 87615K, committed 88384K, reserved 1179648K
  class space    used 12201K, committed 12544K, reserved 1048576K
}
Event: 4,955 GC heap before
{Heap before GC invocations=28 (full 3):
 garbage-first heap   total 116736K, used 94421K [0x0000000728000000, 0x0000000800000000)
  region size 2048K, 32 young (65536K), 4 survivors (8192K)
 Metaspace       used 88946K, committed 89728K, reserved 1179648K
  class space    used 12400K, committed 12800K, reserved 1048576K
}
Event: 4,959 GC heap after
{Heap after GC invocations=29 (full 3):
 garbage-first heap   total 116736K, used 38990K [0x0000000728000000, 0x0000000800000000)
  region size 2048K, 3 young (6144K), 3 survivors (6144K)
 Metaspace       used 88946K, committed 89728K, reserved 1179648K
  class space    used 12400K, committed 12800K, reserved 1048576K
}
Event: 5,206 GC heap before
{Heap before GC invocations=29 (full 3):
 garbage-first heap   total 116736K, used 96334K [0x0000000728000000, 0x0000000800000000)
  region size 2048K, 31 young (63488K), 3 survivors (6144K)
 Metaspace       used 93958K, committed 94720K, reserved 1179648K
  class space    used 13234K, committed 13568K, reserved 1048576K
}
Event: 5,210 GC heap after
{Heap after GC invocations=30 (full 3):
 garbage-first heap   total 151552K, used 41243K [0x0000000728000000, 0x0000000800000000)
  region size 2048K, 3 young (6144K), 3 survivors (6144K)
 Metaspace       used 93958K, committed 94720K, reserved 1179648K
  class space    used 13234K, committed 13568K, reserved 1048576K
}
Event: 228,412 GC heap before
{Heap before GC invocations=30 (full 3):
 garbage-first heap   total 151552K, used 123163K [0x0000000728000000, 0x0000000800000000)
  region size 2048K, 44 young (90112K), 3 survivors (6144K)
 Metaspace       used 99773K, committed 100672K, reserved 1179648K
  class space    used 14047K, committed 14464K, reserved 1048576K
}
Event: 228,415 GC heap after
{Heap after GC invocations=31 (full 3):
 garbage-first heap   total 151552K, used 42305K [0x0000000728000000, 0x0000000800000000)
  region size 2048K, 3 young (6144K), 3 survivors (6144K)
 Metaspace       used 99773K, committed 100672K, reserved 1179648K
  class space    used 14047K, committed 14464K, reserved 1048576K
}
Event: 339,918 GC heap before
{Heap before GC invocations=31 (full 3):
 garbage-first heap   total 151552K, used 58689K [0x0000000728000000, 0x0000000800000000)
  region size 2048K, 12 young (24576K), 3 survivors (6144K)
 Metaspace       used 100102K, committed 100992K, reserved 1179648K
  class space    used 14106K, committed 14528K, reserved 1048576K
}
Event: 339,921 GC heap after
{Heap after GC invocations=32 (full 3):
 garbage-first heap   total 151552K, used 42222K [0x0000000728000000, 0x0000000800000000)
  region size 2048K, 3 young (6144K), 3 survivors (6144K)
 Metaspace       used 100102K, committed 100992K, reserved 1179648K
  class space    used 14106K, committed 14528K, reserved 1048576K
}
Event: 345,931 GC heap before
{Heap before GC invocations=33 (full 3):
 garbage-first heap   total 151552K, used 68846K [0x0000000728000000, 0x0000000800000000)
  region size 2048K, 17 young (34816K), 3 survivors (6144K)
 Metaspace       used 100228K, committed 101184K, reserved 1179648K
  class space    used 14136K, committed 14592K, reserved 1048576K
}
Event: 345,935 GC heap after
{Heap after GC invocations=34 (full 3):
 garbage-first heap   total 151552K, used 43668K [0x0000000728000000, 0x0000000800000000)
  region size 2048K, 4 young (8192K), 4 survivors (8192K)
 Metaspace       used 100228K, committed 101184K, reserved 1179648K
  class space    used 14136K, committed 14592K, reserved 1048576K
}
Event: 405,584 GC heap before
{Heap before GC invocations=35 (full 3):
 garbage-first heap   total 151552K, used 62100K [0x0000000728000000, 0x0000000800000000)
  region size 2048K, 14 young (28672K), 4 survivors (8192K)
 Metaspace       used 100301K, committed 101248K, reserved 1179648K
  class space    used 14153K, committed 14592K, reserved 1048576K
}
Event: 405,589 GC heap after
{Heap after GC invocations=36 (full 3):
 garbage-first heap   total 151552K, used 43869K [0x0000000728000000, 0x0000000800000000)
  region size 2048K, 3 young (6144K), 3 survivors (6144K)
 Metaspace       used 100301K, committed 101248K, reserved 1179648K
  class space    used 14153K, committed 14592K, reserved 1048576K
}

