# JRE version: OpenJDK Runtime Environment JBR-21.0.3+13-453.2-jcef (21.0.3+13) (build 21.0.3+13-b453.2)
# Java VM: OpenJDK 64-Bit Server VM JBR-21.0.3+13-453.2-jcef (21.0.3+13-b453.2, mixed mode, emulated-client, sharing, tiered, compressed oops, compressed class ptrs, g1 gc, linux-amd64)
GC Precious Log:
 CardTable entry size: 512
 Card Set container configuration: InlinePtr #cards 4 size 8 Array Of Cards #cards 16 size 48 Howl #buckets 8 coarsen threshold 3686 Howl Bitmap #cards 512 size 80 coarsen threshold 460 Card regions per heap region 1 cards per card region 4096
 CPUs: 16 total, 16 available
 Memory: 13824M
 Large Page Support: Disabled
 NUMA Support: Disabled
 Compressed Oops: Enabled (Zero based)
 Heap Region Size: 2M
 Heap Min Capacity: 8M
 Heap Initial Capacity: 218M
 Heap Max Capacity: 3458M
 Pre-touch: Disabled
 Parallel Workers: 13
 Concurrent Workers: 3
 Concurrent Refinement Workers: 13
 Periodic GC: Disabled
Heap:
 garbage-first heap   total 141312K, used 106781K [0x0000000727e00000, 0x0000000800000000)
  region size 2048K, 32 young (65536K), 3 survivors (6144K)
 Metaspace       used 101472K, committed 102528K, reserved 1179648K
  class space    used 14454K, committed 14912K, reserved 1048576K
GC Heap History (20 events):
Event: 669,406 GC heap before
{Heap before GC invocations=49 (full 3):
 garbage-first heap   total 141312K, used 50751K [0x0000000727e00000, 0x0000000800000000)
  region size 2048K, 5 young (10240K), 3 survivors (6144K)
 Metaspace       used 100337K, committed 101312K, reserved 1179648K
  class space    used 14294K, committed 14720K, reserved 1048576K
}
Event: 669,410 GC heap after
{Heap after GC invocations=50 (full 3):
 garbage-first heap   total 141312K, used 48475K [0x0000000727e00000, 0x0000000800000000)
  region size 2048K, 3 young (6144K), 3 survivors (6144K)
 Metaspace       used 100337K, committed 101312K, reserved 1179648K
  class space    used 14294K, committed 14720K, reserved 1048576K
}
Event: 678,324 GC heap before
{Heap before GC invocations=51 (full 3):
 garbage-first heap   total 141312K, used 50523K [0x0000000727e00000, 0x0000000800000000)
  region size 2048K, 5 young (10240K), 3 survivors (6144K)
 Metaspace       used 100343K, committed 101312K, reserved 1179648K
  class space    used 14295K, committed 14720K, reserved 1048576K
}
Event: 678,328 GC heap after
{Heap after GC invocations=52 (full 3):
 garbage-first heap   total 141312K, used 48636K [0x0000000727e00000, 0x0000000800000000)
  region size 2048K, 3 young (6144K), 3 survivors (6144K)
 Metaspace       used 100343K, committed 101312K, reserved 1179648K
  class space    used 14295K, committed 14720K, reserved 1048576K
}
Event: 691,929 GC heap before
{Heap before GC invocations=53 (full 3):
 garbage-first heap   total 141312K, used 50684K [0x0000000727e00000, 0x0000000800000000)
  region size 2048K, 5 young (10240K), 3 survivors (6144K)
 Metaspace       used 100347K, committed 101312K, reserved 1179648K
  class space    used 14296K, committed 14720K, reserved 1048576K
}
Event: 691,932 GC heap after
{Heap after GC invocations=54 (full 3):
 garbage-first heap   total 141312K, used 48554K [0x0000000727e00000, 0x0000000800000000)
  region size 2048K, 3 young (6144K), 3 survivors (6144K)
 Metaspace       used 100347K, committed 101312K, reserved 1179648K
  class space    used 14296K, committed 14720K, reserved 1048576K
}
Event: 692,221 GC heap before
{Heap before GC invocations=55 (full 3):
 garbage-first heap   total 141312K, used 48554K [0x0000000727e00000, 0x0000000800000000)
  region size 2048K, 4 young (8192K), 3 survivors (6144K)
 Metaspace       used 100347K, committed 101312K, reserved 1179648K
  class space    used 14296K, committed 14720K, reserved 1048576K
}
Event: 692,226 GC heap after
{Heap after GC invocations=56 (full 3):
 garbage-first heap   total 141312K, used 48712K [0x0000000727e00000, 0x0000000800000000)
  region size 2048K, 3 young (6144K), 3 survivors (6144K)
 Metaspace       used 100347K, committed 101312K, reserved 1179648K
  class space    used 14296K, committed 14720K, reserved 1048576K
}
Event: 692,305 GC heap before
{Heap before GC invocations=57 (full 3):
 garbage-first heap   total 141312K, used 48712K [0x0000000727e00000, 0x0000000800000000)
  region size 2048K, 4 young (8192K), 3 survivors (6144K)
 Metaspace       used 100347K, committed 101312K, reserved 1179648K
  class space    used 14296K, committed 14720K, reserved 1048576K
}
Event: 692,308 GC heap after
{Heap after GC invocations=58 (full 3):
 garbage-first heap   total 141312K, used 48554K [0x0000000727e00000, 0x0000000800000000)
  region size 2048K, 3 young (6144K), 3 survivors (6144K)
 Metaspace       used 100347K, committed 101312K, reserved 1179648K
  class space    used 14296K, committed 14720K, reserved 1048576K
}
Event: 818,838 GC heap before
{Heap before GC invocations=59 (full 3):
 garbage-first heap   total 141312K, used 120234K [0x0000000727e00000, 0x0000000800000000)
  region size 2048K, 38 young (77824K), 3 survivors (6144K)
 Metaspace       used 100646K, committed 101632K, reserved 1179648K
  class space    used 14340K, committed 14784K, reserved 1048576K
}
Event: 818,840 GC heap after
{Heap after GC invocations=60 (full 3):
 garbage-first heap   total 141312K, used 48633K [0x0000000727e00000, 0x0000000800000000)
  region size 2048K, 3 young (6144K), 3 survivors (6144K)
 Metaspace       used 100646K, committed 101632K, reserved 1179648K
  class space    used 14340K, committed 14784K, reserved 1048576K
}
Event: 978,570 GC heap before
{Heap before GC invocations=60 (full 3):
 garbage-first heap   total 141312K, used 118265K [0x0000000727e00000, 0x0000000800000000)
  region size 2048K, 38 young (77824K), 3 survivors (6144K)
 Metaspace       used 100809K, committed 101824K, reserved 1179648K
  class space    used 14363K, committed 14784K, reserved 1048576K
}
Event: 978,575 GC heap after
{Heap after GC invocations=61 (full 3):
 garbage-first heap   total 141312K, used 48197K [0x0000000727e00000, 0x0000000800000000)
  region size 2048K, 3 young (6144K), 3 survivors (6144K)
 Metaspace       used 100809K, committed 101824K, reserved 1179648K
  class space    used 14363K, committed 14784K, reserved 1048576K
}
Event: 1319,247 GC heap before
{Heap before GC invocations=61 (full 3):
 garbage-first heap   total 141312K, used 123973K [0x0000000727e00000, 0x0000000800000000)
  region size 2048K, 40 young (81920K), 3 survivors (6144K)
 Metaspace       used 100962K, committed 102016K, reserved 1179648K
  class space    used 14381K, committed 14848K, reserved 1048576K
}
Event: 1319,249 GC heap after
{Heap after GC invocations=62 (full 3):
 garbage-first heap   total 141312K, used 47471K [0x0000000727e00000, 0x0000000800000000)
  region size 2048K, 2 young (4096K), 2 survivors (4096K)
 Metaspace       used 100962K, committed 102016K, reserved 1179648K
  class space    used 14381K, committed 14848K, reserved 1048576K
}
Event: 1652,537 GC heap before
{Heap before GC invocations=62 (full 3):
 garbage-first heap   total 141312K, used 127343K [0x0000000727e00000, 0x0000000800000000)
  region size 2048K, 41 young (83968K), 2 survivors (4096K)
 Metaspace       used 101153K, committed 102208K, reserved 1179648K
  class space    used 14414K, committed 14912K, reserved 1048576K
}
Event: 1652,539 GC heap after
{Heap after GC invocations=63 (full 3):
 garbage-first heap   total 141312K, used 48649K [0x0000000727e00000, 0x0000000800000000)
  region size 2048K, 3 young (6144K), 3 survivors (6144K)
 Metaspace       used 101153K, committed 102208K, reserved 1179648K
  class space    used 14414K, committed 14912K, reserved 1048576K
}
Event: 1894,410 GC heap before
{Heap before GC invocations=63 (full 3):
 garbage-first heap   total 141312K, used 124425K [0x0000000727e00000, 0x0000000800000000)
  region size 2048K, 40 young (81920K), 3 survivors (6144K)
 Metaspace       used 101347K, committed 102400K, reserved 1179648K
  class space    used 14437K, committed 14912K, reserved 1048576K
}
Event: 1894,412 GC heap after
{Heap after GC invocations=64 (full 3):
 garbage-first heap   total 141312K, used 49437K [0x0000000727e00000, 0x0000000800000000)
  region size 2048K, 3 young (6144K), 3 survivors (6144K)
 Metaspace       used 101347K, committed 102400K, reserved 1179648K
  class space    used 14437K, committed 14912K, reserved 1048576K
}

